<?xml version="1.0" encoding="UTF-8"?>
<!-- Generated by org.testng.reporters.JUnitReportReporter -->
<testsuite hostname="keshavs-MacBook-Air-2.local" failures="0" tests="1" name="jenkinsTest_simple.HelloTest" time="0.007" errors="0" timestamp="2025-06-25T12:25:37 IST" skipped="0">
  <testcase classname="jenkinsTest_simple.HelloTest" name="sampleTest" time="0.007"/>
</testsuite> <!-- jenkinsTest_simple.HelloTest -->
